c:\users\haeri\documents\github\elementalui\elementaldraw\build\elemental_draw.dir\debug\vc142.pdb
c:\users\haeri\documents\github\elementalui\elementaldraw\build\elemental_draw.dir\debug\context_cpu_renderer.obj
c:\users\haeri\documents\github\elementalui\elementaldraw\build\elemental_draw.dir\debug\context.obj
c:\users\haeri\documents\github\elementalui\elementaldraw\build\elemental_draw.dir\debug\main.obj
c:\users\haeri\documents\github\elementalui\elementaldraw\build\elemental_draw.dir\debug\window.obj
c:\users\haeri\documents\github\elementalui\elementaldraw\build\elemental_draw.dir\debug\cpu_context.obj
c:\users\haeri\documents\github\elementalui\elementaldraw\build\cmakefiles\generate.stamp
c:\users\haeri\documents\github\elementalui\elementaldraw\build\elemental_draw.dir\debug\vcpkg.applocal.log
c:\users\haeri\documents\github\elementalui\elementaldraw\build\debug\glfw3.dll
c:\users\haeri\documents\github\elementalui\elementaldraw\build\debug\elemental_draw.exe
c:\users\haeri\documents\github\elementalui\elementaldraw\build\debug\elemental_draw.ilk
c:\users\haeri\documents\github\elementalui\elementaldraw\build\debug\elemental_draw.pdb
c:\users\haeri\documents\github\elementalui\elementaldraw\build\elemental_draw.dir\debug\elemental_draw.tlog\cl.command.1.tlog
c:\users\haeri\documents\github\elementalui\elementaldraw\build\elemental_draw.dir\debug\elemental_draw.tlog\cl.read.1.tlog
c:\users\haeri\documents\github\elementalui\elementaldraw\build\elemental_draw.dir\debug\elemental_draw.tlog\cl.write.1.tlog
c:\users\haeri\documents\github\elementalui\elementaldraw\build\elemental_draw.dir\debug\elemental_draw.tlog\custombuild.command.1.tlog
c:\users\haeri\documents\github\elementalui\elementaldraw\build\elemental_draw.dir\debug\elemental_draw.tlog\custombuild.read.1.tlog
c:\users\haeri\documents\github\elementalui\elementaldraw\build\elemental_draw.dir\debug\elemental_draw.tlog\custombuild.write.1.tlog
c:\users\haeri\documents\github\elementalui\elementaldraw\build\elemental_draw.dir\debug\elemental_draw.tlog\elemental_draw.write.1u.tlog
c:\users\haeri\documents\github\elementalui\elementaldraw\build\elemental_draw.dir\debug\elemental_draw.tlog\link.13052.delete.1.tlog
c:\users\haeri\documents\github\elementalui\elementaldraw\build\elemental_draw.dir\debug\elemental_draw.tlog\link.5852.delete.1.tlog
c:\users\haeri\documents\github\elementalui\elementaldraw\build\elemental_draw.dir\debug\elemental_draw.tlog\link.command.1.tlog
c:\users\haeri\documents\github\elementalui\elementaldraw\build\elemental_draw.dir\debug\elemental_draw.tlog\link.delete.1.tlog
c:\users\haeri\documents\github\elementalui\elementaldraw\build\elemental_draw.dir\debug\elemental_draw.tlog\link.read.1.tlog
c:\users\haeri\documents\github\elementalui\elementaldraw\build\elemental_draw.dir\debug\elemental_draw.tlog\link.write.1.tlog
